<?xml version="1.0" encoding="UTF-8"?>
<!-- Generated by org.testng.reporters.JUnitXMLReporter -->
<testsuite ignored="2" hostname="Kumararaja" failures="1" tests="4" name="Edge Tests" time="53.584" errors="0" timestamp="2026-03-31T09:49:34 IST">
  <testcase classname="com.framework.tests.LoginTest" name="verifyInvalidLogin" time="6.268">
    <skipped/>
  </testcase> <!-- verifyInvalidLogin -->
  <testcase classname="com.framework.tests.LoginTest" name="verifyInvalidLogin" time="3.945">
    <skipped/>
  </testcase> <!-- verifyInvalidLogin -->
  <testcase classname="com.framework.tests.LoginTest" name="verifyInvalidLogin" time="3.112">
    <failure type="java.lang.AssertionError" message="Expected error message not shown. Actual: Invalid credentials expected [false] but found [true]">
      <![CDATA[java.lang.AssertionError: Expected error message not shown. Actual: Invalid credentials expected [false] but found [true]
at com.framework.tests.LoginTest.verifyInvalidLogin(LoginTest.java:60)
at java.base/java.util.ArrayList.forEach(ArrayList.java:1511)
at java.base/java.util.concurrent.FutureTask.run(FutureTask.java:264)
at java.base/java.util.concurrent.ThreadPoolExecutor.runWorker(ThreadPoolExecutor.java:1136)
at java.base/java.util.concurrent.ThreadPoolExecutor$Worker.run(ThreadPoolExecutor.java:635)
at java.base/java.lang.Thread.run(Thread.java:842)
... Removed 20 stack frames]]>
    </failure>
  </testcase> <!-- verifyInvalidLogin -->
  <testcase classname="com.framework.tests.LoginTest" name="verifyLoginByUsingDashboardObjects" time="10.854"/>
  <testcase classname="com.framework.tests.LoginTest" name="verifyLoginWithMethodChaining" time="0.0">
    <ignored/>
  </testcase> <!-- verifyLoginWithMethodChaining -->
  <testcase classname="com.framework.tests.LoginTest" name="verifyLoginNormal" time="0.0">
    <ignored/>
  </testcase> <!-- verifyLoginNormal -->
</testsuite> <!-- Edge Tests -->
